<?xml version="1.0" encoding="UTF-8"?>
<testng-results ignored="0" total="7" passed="7" failed="0" skipped="0">
  <reporter-output>
  </reporter-output>
  <suite started-at="2024-12-10T19:05:57 IST" name="Default suite" finished-at="2024-12-10T19:06:31 IST" duration-ms="34168">
    <groups>
    </groups>
    <test started-at="2024-12-10T19:05:57 IST" name="Default test" finished-at="2024-12-10T19:06:31 IST" duration-ms="34168">
      <class name="Testcasses.TipTop_Testcases">
        <test-method is-config="true" signature="setUp()[pri:0, instance:Testcasses.TipTop_Testcases@5fdcaa40]" started-at="2024-12-10T19:05:57 IST" name="setUp" finished-at="2024-12-10T19:06:02 IST" duration-ms="5089" status="PASS">
          <reporter-output>
          </reporter-output>
        </test-method> <!-- setUp -->
        <test-method signature="TestDisabledTextInput()[pri:0, instance:Testcasses.TipTop_Testcases@5fdcaa40]" started-at="2024-12-10T19:06:02 IST" name="TestDisabledTextInput" finished-at="2024-12-10T19:06:04 IST" duration-ms="2065" status="PASS">
          <reporter-output>
          </reporter-output>
        </test-method> <!-- TestDisabledTextInput -->
        <test-method is-config="true" signature="tearDown()[pri:0, instance:Testcasses.TipTop_Testcases@5fdcaa40]" started-at="2024-12-10T19:06:04 IST" name="tearDown" finished-at="2024-12-10T19:06:04 IST" duration-ms="168" status="PASS">
          <reporter-output>
          </reporter-output>
        </test-method> <!-- tearDown -->
        <test-method is-config="true" signature="setUp()[pri:0, instance:Testcasses.TipTop_Testcases@5fdcaa40]" started-at="2024-12-10T19:06:04 IST" name="setUp" finished-at="2024-12-10T19:06:07 IST" duration-ms="3012" status="PASS">
          <reporter-output>
          </reporter-output>
        </test-method> <!-- setUp -->
        <test-method signature="TestReadonlyInput()[pri:0, instance:Testcasses.TipTop_Testcases@5fdcaa40]" started-at="2024-12-10T19:06:07 IST" name="TestReadonlyInput" finished-at="2024-12-10T19:06:10 IST" duration-ms="3107" status="PASS">
          <reporter-output>
          </reporter-output>
        </test-method> <!-- TestReadonlyInput -->
        <test-method is-config="true" signature="tearDown()[pri:0, instance:Testcasses.TipTop_Testcases@5fdcaa40]" started-at="2024-12-10T19:06:10 IST" name="tearDown" finished-at="2024-12-10T19:06:10 IST" duration-ms="201" status="PASS">
          <reporter-output>
          </reporter-output>
        </test-method> <!-- tearDown -->
        <test-method is-config="true" signature="setUp()[pri:0, instance:Testcasses.TipTop_Testcases@5fdcaa40]" started-at="2024-12-10T19:06:10 IST" name="setUp" finished-at="2024-12-10T19:06:14 IST" duration-ms="3944" status="PASS">
          <reporter-output>
          </reporter-output>
        </test-method> <!-- setUp -->
        <test-method signature="testDropdownSize()[pri:0, instance:Testcasses.TipTop_Testcases@5fdcaa40]" started-at="2024-12-10T19:06:14 IST" name="testDropdownSize" finished-at="2024-12-10T19:06:14 IST" duration-ms="137" status="PASS">
          <reporter-output>
          </reporter-output>
        </test-method> <!-- testDropdownSize -->
        <test-method is-config="true" signature="tearDown()[pri:0, instance:Testcasses.TipTop_Testcases@5fdcaa40]" started-at="2024-12-10T19:06:14 IST" name="tearDown" finished-at="2024-12-10T19:06:15 IST" duration-ms="192" status="PASS">
          <reporter-output>
          </reporter-output>
        </test-method> <!-- tearDown -->
        <test-method is-config="true" signature="setUp()[pri:0, instance:Testcasses.TipTop_Testcases@5fdcaa40]" started-at="2024-12-10T19:06:15 IST" name="setUp" finished-at="2024-12-10T19:06:18 IST" duration-ms="3194" status="PASS">
          <reporter-output>
          </reporter-output>
        </test-method> <!-- setUp -->
        <test-method signature="testFormDataPassedToURL()[pri:0, instance:Testcasses.TipTop_Testcases@5fdcaa40]" started-at="2024-12-10T19:06:18 IST" name="testFormDataPassedToURL" finished-at="2024-12-10T19:06:18 IST" duration-ms="404" status="PASS">
          <reporter-output>
          </reporter-output>
        </test-method> <!-- testFormDataPassedToURL -->
        <test-method is-config="true" signature="tearDown()[pri:0, instance:Testcasses.TipTop_Testcases@5fdcaa40]" started-at="2024-12-10T19:06:18 IST" name="tearDown" finished-at="2024-12-10T19:06:18 IST" duration-ms="177" status="PASS">
          <reporter-output>
          </reporter-output>
        </test-method> <!-- tearDown -->
        <test-method is-config="true" signature="setUp()[pri:0, instance:Testcasses.TipTop_Testcases@5fdcaa40]" started-at="2024-12-10T19:06:18 IST" name="setUp" finished-at="2024-12-10T19:06:22 IST" duration-ms="3985" status="PASS">
          <reporter-output>
          </reporter-output>
        </test-method> <!-- setUp -->
        <test-method signature="testPageShowsReceivedTextAfterSubmit()[pri:0, instance:Testcasses.TipTop_Testcases@5fdcaa40]" started-at="2024-12-10T19:06:22 IST" name="testPageShowsReceivedTextAfterSubmit" finished-at="2024-12-10T19:06:23 IST" duration-ms="479" status="PASS">
          <reporter-output>
          </reporter-output>
        </test-method> <!-- testPageShowsReceivedTextAfterSubmit -->
        <test-method is-config="true" signature="tearDown()[pri:0, instance:Testcasses.TipTop_Testcases@5fdcaa40]" started-at="2024-12-10T19:06:23 IST" name="tearDown" finished-at="2024-12-10T19:06:23 IST" duration-ms="177" status="PASS">
          <reporter-output>
          </reporter-output>
        </test-method> <!-- tearDown -->
        <test-method is-config="true" signature="setUp()[pri:0, instance:Testcasses.TipTop_Testcases@5fdcaa40]" started-at="2024-12-10T19:06:23 IST" name="setUp" finished-at="2024-12-10T19:06:27 IST" duration-ms="3947" status="PASS">
          <reporter-output>
          </reporter-output>
        </test-method> <!-- setUp -->
        <test-method signature="testSubmitButtonDisabledWhenNoData()[pri:0, instance:Testcasses.TipTop_Testcases@5fdcaa40]" started-at="2024-12-10T19:06:27 IST" name="testSubmitButtonDisabledWhenNoData" finished-at="2024-12-10T19:06:27 IST" duration-ms="153" status="PASS">
          <reporter-output>
          </reporter-output>
        </test-method> <!-- testSubmitButtonDisabledWhenNoData -->
        <test-method is-config="true" signature="tearDown()[pri:0, instance:Testcasses.TipTop_Testcases@5fdcaa40]" started-at="2024-12-10T19:06:27 IST" name="tearDown" finished-at="2024-12-10T19:06:27 IST" duration-ms="190" status="PASS">
          <reporter-output>
          </reporter-output>
        </test-method> <!-- tearDown -->
        <test-method is-config="true" signature="setUp()[pri:0, instance:Testcasses.TipTop_Testcases@5fdcaa40]" started-at="2024-12-10T19:06:27 IST" name="setUp" finished-at="2024-12-10T19:06:30 IST" duration-ms="3092" status="PASS">
          <reporter-output>
          </reporter-output>
        </test-method> <!-- setUp -->
        <test-method signature="testSubmitButtonEnabledWhenDataEntered()[pri:0, instance:Testcasses.TipTop_Testcases@5fdcaa40]" started-at="2024-12-10T19:06:30 IST" name="testSubmitButtonEnabledWhenDataEntered" finished-at="2024-12-10T19:06:31 IST" duration-ms="228" status="PASS">
          <reporter-output>
          </reporter-output>
        </test-method> <!-- testSubmitButtonEnabledWhenDataEntered -->
        <test-method is-config="true" signature="tearDown()[pri:0, instance:Testcasses.TipTop_Testcases@5fdcaa40]" started-at="2024-12-10T19:06:31 IST" name="tearDown" finished-at="2024-12-10T19:06:31 IST" duration-ms="178" status="PASS">
          <reporter-output>
          </reporter-output>
        </test-method> <!-- tearDown -->
      </class> <!-- Testcasses.TipTop_Testcases -->
    </test> <!-- Default test -->
  </suite> <!-- Default suite -->
</testng-results>
