<?xml version="1.0" encoding="UTF-8"?>
<!-- Generated by org.testng.reporters.JUnitXMLReporter -->
<testsuite ignored="0" hostname="DESKTOP-PAGM49O" failures="0" tests="7" name="Default test" time="34.168" errors="0" timestamp="2024-12-10T19:06:31 IST">
  <testcase classname="Testcasses.TipTop_Testcases" name="TestDisabledTextInput" time="2.065"/>
  <testcase classname="Testcasses.TipTop_Testcases" name="TestReadonlyInput" time="3.107"/>
  <testcase classname="Testcasses.TipTop_Testcases" name="testDropdownSize" time="0.137"/>
  <testcase classname="Testcasses.TipTop_Testcases" name="testFormDataPassedToURL" time="0.404"/>
  <testcase classname="Testcasses.TipTop_Testcases" name="testPageShowsReceivedTextAfterSubmit" time="0.479"/>
  <testcase classname="Testcasses.TipTop_Testcases" name="testSubmitButtonDisabledWhenNoData" time="0.153"/>
  <testcase classname="Testcasses.TipTop_Testcases" name="testSubmitButtonEnabledWhenDataEntered" time="0.228"/>
</testsuite> <!-- Default test -->
